[0424/110344.287:ERROR:process_info.cc(359)] UncheckedAllocate
[0424/110344.287:ERROR:process_info.cc(359)] UncheckedAllocate
[0424/110344.639:ERROR:process_info.cc(359)] UncheckedAllocate
[0424/110347.939:ERROR:process_memory_win.cc(73)] ReadMemory at 0x217d1484f60 of 72 bytes failed: Only part of a ReadProcessMemory or WriteProcessMemory request was completed. (0x12B)
[0424/110347.939:WARNING:pe_image_annotations_reader.cc(134)] could not read annotations list object in C:\Program Files (x86)\Google\Chrome\Application\81.0.4044.122\chrome_elf.dll
[0424/110347.940:ERROR:process_memory_win.cc(73)] ReadMemory at 0x7fff5af60000 of 64 bytes failed: Only part of a ReadProcessMemory or WriteProcessMemory request was completed. (0x12B)
[0424/110347.940:WARNING:pe_image_reader.cc(340)] could not read dos header from C:\Program Files (x86)\Google\Chrome\Application\81.0.4044.122\chrome.dll
[0424/110347.941:ERROR:process_memory_win.cc(73)] ReadMemory at 0x7fff89970000 of 64 bytes failed: Only part of a ReadProcessMemory or WriteProcessMemory request was completed. (0x12B)
[0424/110347.941:WARNING:pe_image_reader.cc(340)] could not read dos header from C:\WINDOWS\SYSTEM32\UIAutomationCore.DLL
[0424/110347.941:ERROR:process_memory_win.cc(73)] ReadMemory at 0x7fffa0680000 of 64 bytes failed: Only part of a ReadProcessMemory or WriteProcessMemory request was completed. (0x12B)
[0424/110347.941:WARNING:pe_image_reader.cc(340)] could not read dos header from C:\WINDOWS\SYSTEM32\DWrite.dll
[0424/110347.941:ERROR:process_memory_win.cc(73)] ReadMemory at 0x7fff9be10000 of 64 bytes failed: Only part of a ReadProcessMemory or WriteProcessMemory request was completed. (0x12B)
[0424/110347.941:WARNING:pe_image_reader.cc(340)] could not read dos header from C:\WINDOWS\SYSTEM32\WINSPOOL.DRV
[0424/110347.942:ERROR:process_memory_win.cc(73)] ReadMemory at 0x217d1260000 of 64 bytes failed: Only part of a ReadProcessMemory or WriteProcessMemory request was completed. (0x12B)
[0424/110347.942:WARNING:pe_image_reader.cc(340)] could not read dos header from C:\WINDOWS\System32\NSI.dll
[0424/110347.943:ERROR:process_memory_win.cc(73)] ReadMemory at 0x217d1410000 of 64 bytes failed: Only part of a ReadProcessMemory or WriteProcessMemory request was completed. (0x12B)
[0424/110347.943:WARNING:pe_image_reader.cc(340)] could not read dos header from C:\WINDOWS\System32\IMM32.DLL
[0424/110347.943:ERROR:process_memory_win.cc(73)] ReadMemory at 0x7ff60b3e0000 of 64 bytes failed: Only part of a ReadProcessMemory or WriteProcessMemory request was completed. (0x12B)
[0424/110347.943:WARNING:pe_image_reader.cc(340)] could not read dos header from C:\Program Files (x86)\Google\Chrome\Application\chrome.exe
[0424/110347.943:ERROR:process_memory_win.cc(73)] ReadMemory at 0x7fff94800000 of 64 bytes failed: Only part of a ReadProcessMemory or WriteProcessMemory request was completed. (0x12B)
[0424/110347.943:WARNING:pe_image_reader.cc(340)] could not read dos header from C:\Program Files (x86)\Google\Chrome\Application\81.0.4044.122\chrome_elf.dll
[0424/110347.944:ERROR:process_memory_win.cc(73)] ReadMemory at 0x7fff5af60000 of 64 bytes failed: Only part of a ReadProcessMemory or WriteProcessMemory request was completed. (0x12B)
[0424/110347.944:WARNING:pe_image_reader.cc(340)] could not read dos header from C:\Program Files (x86)\Google\Chrome\Application\81.0.4044.122\chrome.dll
[0424/110347.944:ERROR:process_memory_win.cc(73)] ReadMemory at 0x7fff89970000 of 64 bytes failed: Only part of a ReadProcessMemory or WriteProcessMemory request was completed. (0x12B)
[0424/110347.945:WARNING:pe_image_reader.cc(340)] could not read dos header from C:\WINDOWS\SYSTEM32\UIAutomationCore.DLL
[0424/110347.945:ERROR:process_memory_win.cc(73)] ReadMemory at 0x7fffa0680000 of 64 bytes failed: Only part of a ReadProcessMemory or WriteProcessMemory request was completed. (0x12B)
[0424/110347.945:WARNING:pe_image_reader.cc(340)] could not read dos header from C:\WINDOWS\SYSTEM32\DWrite.dll
[0424/110347.945:ERROR:process_memory_win.cc(73)] ReadMemory at 0x7fff9be10000 of 64 bytes failed: Only part of a ReadProcessMemory or WriteProcessMemory request was completed. (0x12B)
[0424/110347.945:WARNING:pe_image_reader.cc(340)] could not read dos header from C:\WINDOWS\SYSTEM32\WINSPOOL.DRV
[0424/110347.945:ERROR:process_memory_win.cc(73)] ReadMemory at 0x217d1260000 of 64 bytes failed: Only part of a ReadProcessMemory or WriteProcessMemory request was completed. (0x12B)
[0424/110347.945:WARNING:pe_image_reader.cc(340)] could not read dos header from C:\WINDOWS\System32\NSI.dll
[0424/110347.946:ERROR:process_memory_win.cc(73)] ReadMemory at 0x217d1410000 of 64 bytes failed: Only part of a ReadProcessMemory or WriteProcessMemory request was completed. (0x12B)
[0424/110347.946:WARNING:pe_image_reader.cc(340)] could not read dos header from C:\WINDOWS\System32\IMM32.DLL
[0424/110347.968:ERROR:process_memory_win.cc(73)] ReadMemory at 0xc3fe5f9000 of 28672 bytes failed: Only part of a ReadProcessMemory or WriteProcessMemory request was completed. (0x12B)
[0424/110347.969:ERROR:process_memory_win.cc(73)] ReadMemory at 0xc3fedfd000 of 12288 bytes failed: Only part of a ReadProcessMemory or WriteProcessMemory request was completed. (0x12B)
[0424/110347.969:ERROR:process_memory_win.cc(73)] ReadMemory at 0xc3ff5fd000 of 12288 bytes failed: Only part of a ReadProcessMemory or WriteProcessMemory request was completed. (0x12B)
[0424/110347.969:ERROR:process_memory_win.cc(73)] ReadMemory at 0xc3ffdfc000 of 16384 bytes failed: Only part of a ReadProcessMemory or WriteProcessMemory request was completed. (0x12B)
[0424/110347.969:ERROR:process_memory_win.cc(73)] ReadMemory at 0xc3807fc000 of 16384 bytes failed: Only part of a ReadProcessMemory or WriteProcessMemory request was completed. (0x12B)
[0424/110347.969:ERROR:process_memory_win.cc(73)] ReadMemory at 0xc380ffe000 of 8192 bytes failed: Only part of a ReadProcessMemory or WriteProcessMemory request was completed. (0x12B)
[0424/110347.970:ERROR:process_memory_win.cc(73)] ReadMemory at 0xc3817fd000 of 12288 bytes failed: Only part of a ReadProcessMemory or WriteProcessMemory request was completed. (0x12B)
[0424/110347.970:ERROR:process_memory_win.cc(73)] ReadMemory at 0xc381ffd000 of 12288 bytes failed: Only part of a ReadProcessMemory or WriteProcessMemory request was completed. (0x12B)
[0424/110347.970:ERROR:process_memory_win.cc(73)] ReadMemory at 0xc3827fd000 of 12288 bytes failed: Only part of a ReadProcessMemory or WriteProcessMemory request was completed. (0x12B)
[0424/110347.970:ERROR:process_memory_win.cc(73)] ReadMemory at 0xc382ffd000 of 12288 bytes failed: Only part of a ReadProcessMemory or WriteProcessMemory request was completed. (0x12B)
[0424/110347.970:ERROR:process_memory_win.cc(73)] ReadMemory at 0xc3837fd000 of 12288 bytes failed: Only part of a ReadProcessMemory or WriteProcessMemory request was completed. (0x12B)
[0424/110347.970:ERROR:process_memory_win.cc(73)] ReadMemory at 0xc383ffd000 of 12288 bytes failed: Only part of a ReadProcessMemory or WriteProcessMemory request was completed. (0x12B)
[0424/110347.971:ERROR:process_memory_win.cc(73)] ReadMemory at 0xc3847fd000 of 12288 bytes failed: Only part of a ReadProcessMemory or WriteProcessMemory request was completed. (0x12B)
[0424/110347.971:ERROR:process_memory_win.cc(73)] ReadMemory at 0xc3fdc03000 of 852 bytes failed: Only part of a ReadProcessMemory or WriteProcessMemory request was completed. (0x12B)
[0424/110347.971:ERROR:process_memory_win.cc(73)] ReadMemory at 0xc3fdc04000 of 6024 bytes failed: Only part of a ReadProcessMemory or WriteProcessMemory request was completed. (0x12B)
[0424/110347.971:ERROR:process_memory_win.cc(73)] ReadMemory at 0xc3fdc06000 of 6024 bytes failed: Only part of a ReadProcessMemory or WriteProcessMemory request was completed. (0x12B)
[0424/110347.971:ERROR:process_memory_win.cc(73)] ReadMemory at 0xc3fdc08000 of 6024 bytes failed: Only part of a ReadProcessMemory or WriteProcessMemory request was completed. (0x12B)
[0424/110347.972:ERROR:process_memory_win.cc(73)] ReadMemory at 0xc3fdc0a000 of 6024 bytes failed: Only part of a ReadProcessMemory or WriteProcessMemory request was completed. (0x12B)
[0424/110347.972:ERROR:process_memory_win.cc(73)] ReadMemory at 0xc3fdc0c000 of 6024 bytes failed: Only part of a ReadProcessMemory or WriteProcessMemory request was completed. (0x12B)
[0424/110347.972:ERROR:process_memory_win.cc(73)] ReadMemory at 0xc3fdc0e000 of 6024 bytes failed: Only part of a ReadProcessMemory or WriteProcessMemory request was completed. (0x12B)
[0424/110347.972:ERROR:process_memory_win.cc(73)] ReadMemory at 0xc3fdc10000 of 6024 bytes failed: Only part of a ReadProcessMemory or WriteProcessMemory request was completed. (0x12B)
[0424/110347.972:ERROR:process_memory_win.cc(73)] ReadMemory at 0xc3fdc12000 of 6024 bytes failed: Only part of a ReadProcessMemory or WriteProcessMemory request was completed. (0x12B)
[0424/110347.972:ERROR:process_memory_win.cc(73)] ReadMemory at 0xc3fdc14000 of 6024 bytes failed: Only part of a ReadProcessMemory or WriteProcessMemory request was completed. (0x12B)
[0424/110347.973:ERROR:process_memory_win.cc(73)] ReadMemory at 0xc3fdc16000 of 6024 bytes failed: Only part of a ReadProcessMemory or WriteProcessMemory request was completed. (0x12B)
[0424/110347.973:ERROR:process_memory_win.cc(73)] ReadMemory at 0xc3fdc18000 of 6024 bytes failed: Only part of a ReadProcessMemory or WriteProcessMemory request was completed. (0x12B)
[0424/110347.973:ERROR:process_memory_win.cc(73)] ReadMemory at 0xc3fdc1a000 of 6024 bytes failed: Only part of a ReadProcessMemory or WriteProcessMemory request was completed. (0x12B)
[0424/110347.973:ERROR:process_memory_win.cc(73)] ReadMemory at 0xc3fdc1c000 of 6024 bytes failed: Only part of a ReadProcessMemory or WriteProcessMemory request was completed. (0x12B)
[0424/110347.973:ERROR:process_memory_win.cc(73)] ReadMemory at 0x217d1140750 of 80 bytes failed: Only part of a ReadProcessMemory or WriteProcessMemory request was completed. (0x12B)
[0424/110347.973:ERROR:process_memory_win.cc(73)] ReadMemory at 0x217d1140fe0 of 5150 bytes failed: Only part of a ReadProcessMemory or WriteProcessMemory request was completed. (0x12B)
[0424/110347.974:ERROR:process_memory_win.cc(73)] ReadMemory at 0x217d1142410 of 1012 bytes failed: Only part of a ReadProcessMemory or WriteProcessMemory request was completed. (0x12B)
[0424/110347.974:ERROR:process_memory_win.cc(73)] ReadMemory at 0x217d1142a58 of 118 bytes failed: Only part of a ReadProcessMemory or WriteProcessMemory request was completed. (0x12B)
[0424/110347.974:ERROR:process_memory_win.cc(73)] ReadMemory at 0x217d1142ad0 of 1254 bytes failed: Only part of a ReadProcessMemory or WriteProcessMemory request was completed. (0x12B)
[0424/110347.974:ERROR:process_memory_win.cc(73)] ReadMemory at 0x217d1142fb8 of 118 bytes failed: Only part of a ReadProcessMemory or WriteProcessMemory request was completed. (0x12B)
[0424/110347.974:ERROR:process_memory_win.cc(73)] ReadMemory at 0x217d1143030 of 98 bytes failed: Only part of a ReadProcessMemory or WriteProcessMemory request was completed. (0x12B)
[0424/110347.974:ERROR:process_memory_win.cc(73)] ReadMemory at 0x217d11430a0 of 58 bytes failed: Only part of a ReadProcessMemory or WriteProcessMemory request was completed. (0x12B)
[0424/110347.974:ERROR:process_memory_win.cc(73)] ReadMemory at 0x217d11431a0 of 132 bytes failed: Only part of a ReadProcessMemory or WriteProcessMemory request was completed. (0x12B)
[0424/110347.975:ERROR:process_memory_win.cc(73)] ReadMemory at 0x217d1143330 of 132 bytes failed: Only part of a ReadProcessMemory or WriteProcessMemory request was completed. (0x12B)
[0424/110347.975:ERROR:process_memory_win.cc(73)] ReadMemory at 0x217d11434f0 of 126 bytes failed: Only part of a ReadProcessMemory or WriteProcessMemory request was completed. (0x12B)
[0424/110347.975:ERROR:process_memory_win.cc(73)] ReadMemory at 0x217d11438d0 of 132 bytes failed: Only part of a ReadProcessMemory or WriteProcessMemory request was completed. (0x12B)
[0424/110347.975:ERROR:process_memory_win.cc(73)] ReadMemory at 0x217d1143a60 of 64 bytes failed: Only part of a ReadProcessMemory or WriteProcessMemory request was completed. (0x12B)
[0424/110347.975:ERROR:process_memory_win.cc(73)] ReadMemory at 0x217d1143c20 of 132 bytes failed: Only part of a ReadProcessMemory or WriteProcessMemory request was completed. (0x12B)
[0424/110347.975:ERROR:process_memory_win.cc(73)] ReadMemory at 0x217d1143ec0 of 132 bytes failed: Only part of a ReadProcessMemory or WriteProcessMemory request was completed. (0x12B)
[0424/110347.975:ERROR:process_memory_win.cc(73)] ReadMemory at 0x217d1144050 of 68 bytes failed: Only part of a ReadProcessMemory or WriteProcessMemory request was completed. (0x12B)
[0424/110347.975:ERROR:process_memory_win.cc(73)] ReadMemory at 0x217d1145130 of 146 bytes failed: Only part of a ReadProcessMemory or WriteProcessMemory request was completed. (0x12B)
[0424/110347.976:ERROR:process_memory_win.cc(73)] ReadMemory at 0x217d1145210 of 132 bytes failed: Only part of a ReadProcessMemory or WriteProcessMemory request was completed. (0x12B)
[0424/110347.976:ERROR:process_memory_win.cc(73)] ReadMemory at 0x217d11453a0 of 154 bytes failed: Only part of a ReadProcessMemory or WriteProcessMemory request was completed. (0x12B)
[0424/110347.976:ERROR:process_memory_win.cc(73)] ReadMemory at 0x217d1145fd0 of 132 bytes failed: Only part of a ReadProcessMemory or WriteProcessMemory request was completed. (0x12B)
[0424/110347.976:ERROR:process_memory_win.cc(73)] ReadMemory at 0x217d11461a0 of 62 bytes failed: Only part of a ReadProcessMemory or WriteProcessMemory request was completed. (0x12B)
[0424/110347.976:ERROR:process_memory_win.cc(73)] ReadMemory at 0x217d1146300 of 132 bytes failed: Only part of a ReadProcessMemory or WriteProcessMemory request was completed. (0x12B)
[0424/110347.976:ERROR:process_memory_win.cc(73)] ReadMemory at 0x217d1146490 of 60 bytes failed: Only part of a ReadProcessMemory or WriteProcessMemory request was completed. (0x12B)
[0424/110347.976:ERROR:process_memory_win.cc(73)] ReadMemory at 0x217d114705c of 512 bytes failed: Only part of a ReadProcessMemory or WriteProcessMemory request was completed. (0x12B)
[0424/110347.976:ERROR:process_memory_win.cc(73)] ReadMemory at 0x217d1148790 of 132 bytes failed: Only part of a ReadProcessMemory or WriteProcessMemory request was completed. (0x12B)
[0424/110347.977:ERROR:process_memory_win.cc(73)] ReadMemory at 0x217d11489e0 of 132 bytes failed: Only part of a ReadProcessMemory or WriteProcessMemory request was completed. (0x12B)
[0424/110347.977:ERROR:process_memory_win.cc(73)] ReadMemory at 0x217d114ba20 of 60 bytes failed: Only part of a ReadProcessMemory or WriteProcessMemory request was completed. (0x12B)
[0424/110347.977:ERROR:process_memory_win.cc(73)] ReadMemory at 0x217d114bcf0 of 64 bytes failed: Only part of a ReadProcessMemory or WriteProcessMemory request was completed. (0x12B)
[0424/110347.977:ERROR:process_memory_win.cc(73)] ReadMemory at 0x217d114bd90 of 62 bytes failed: Only part of a ReadProcessMemory or WriteProcessMemory request was completed. (0x12B)
[0424/110347.977:ERROR:process_memory_win.cc(73)] ReadMemory at 0x217d114be30 of 66 bytes failed: Only part of a ReadProcessMemory or WriteProcessMemory request was completed. (0x12B)
[0424/110347.977:ERROR:process_memory_win.cc(73)] ReadMemory at 0x217d114be80 of 64 bytes failed: Only part of a ReadProcessMemory or WriteProcessMemory request was completed. (0x12B)
[0424/110347.977:ERROR:process_memory_win.cc(73)] ReadMemory at 0x217d114bed0 of 60 bytes failed: Only part of a ReadProcessMemory or WriteProcessMemory request was completed. (0x12B)
[0424/110347.977:ERROR:process_memory_win.cc(73)] ReadMemory at 0x217d114bf20 of 64 bytes failed: Only part of a ReadProcessMemory or WriteProcessMemory request was completed. (0x12B)
[0424/110347.977:ERROR:process_memory_win.cc(73)] ReadMemory at 0x217d114bf70 of 62 bytes failed: Only part of a ReadProcessMemory or WriteProcessMemory request was completed. (0x12B)
[0424/110347.977:ERROR:process_memory_win.cc(73)] ReadMemory at 0x217d114c010 of 64 bytes failed: Only part of a ReadProcessMemory or WriteProcessMemory request was completed. (0x12B)
[0424/110347.978:ERROR:process_memory_win.cc(73)] ReadMemory at 0x217d114c0a0 of 132 bytes failed: Only part of a ReadProcessMemory or WriteProcessMemory request was completed. (0x12B)
[0424/110347.978:ERROR:process_memory_win.cc(73)] ReadMemory at 0x217d114c2c0 of 132 bytes failed: Only part of a ReadProcessMemory or WriteProcessMemory request was completed. (0x12B)
[0424/110347.978:ERROR:process_memory_win.cc(73)] ReadMemory at 0x217d114c620 of 132 bytes failed: Only part of a ReadProcessMemory or WriteProcessMemory request was completed. (0x12B)
[0424/110347.978:ERROR:process_memory_win.cc(73)] ReadMemory at 0x217d114d040 of 132 bytes failed: Only part of a ReadProcessMemory or WriteProcessMemory request was completed. (0x12B)
[0424/110347.978:ERROR:process_memory_win.cc(73)] ReadMemory at 0x217d114d370 of 132 bytes failed: Only part of a ReadProcessMemory or WriteProcessMemory request was completed. (0x12B)
[0424/110347.978:ERROR:process_memory_win.cc(73)] ReadMemory at 0x217d114d4a0 of 132 bytes failed: Only part of a ReadProcessMemory or WriteProcessMemory request was completed. (0x12B)
[0424/110347.978:ERROR:process_memory_win.cc(73)] ReadMemory at 0x217d114d5d0 of 132 bytes failed: Only part of a ReadProcessMemory or WriteProcessMemory request was completed. (0x12B)
[0424/110347.978:ERROR:process_memory_win.cc(73)] ReadMemory at 0x217d114d700 of 132 bytes failed: Only part of a ReadProcessMemory or WriteProcessMemory request was completed. (0x12B)
[0424/110347.979:ERROR:process_memory_win.cc(73)] ReadMemory at 0x217d114d830 of 132 bytes failed: Only part of a ReadProcessMemory or WriteProcessMemory request was completed. (0x12B)
[0424/110347.979:ERROR:process_memory_win.cc(73)] ReadMemory at 0x217d114da90 of 132 bytes failed: Only part of a ReadProcessMemory or WriteProcessMemory request was completed. (0x12B)
[0424/110347.979:ERROR:process_memory_win.cc(73)] ReadMemory at 0x217d114dbc0 of 132 bytes failed: Only part of a ReadProcessMemory or WriteProcessMemory request was completed. (0x12B)
[0424/110347.979:ERROR:process_memory_win.cc(73)] ReadMemory at 0x217d114dcf0 of 132 bytes failed: Only part of a ReadProcessMemory or WriteProcessMemory request was completed. (0x12B)
[0424/110347.979:ERROR:process_memory_win.cc(73)] ReadMemory at 0x217d114de20 of 132 bytes failed: Only part of a ReadProcessMemory or WriteProcessMemory request was completed. (0x12B)
[0424/110347.979:ERROR:process_memory_win.cc(73)] ReadMemory at 0x217d114df50 of 132 bytes failed: Only part of a ReadProcessMemory or WriteProcessMemory request was completed. (0x12B)
[0424/110347.979:ERROR:process_memory_win.cc(73)] ReadMemory at 0x217d114e080 of 132 bytes failed: Only part of a ReadProcessMemory or WriteProcessMemory request was completed. (0x12B)
[0424/110347.979:ERROR:process_memory_win.cc(73)] ReadMemory at 0x217d114e1b0 of 132 bytes failed: Only part of a ReadProcessMemory or WriteProcessMemory request was completed. (0x12B)
[0424/110347.979:ERROR:process_memory_win.cc(73)] ReadMemory at 0x217d1150410 of 132 bytes failed: Only part of a ReadProcessMemory or WriteProcessMemory request was completed. (0x12B)
[0424/110347.979:ERROR:process_memory_win.cc(73)] ReadMemory at 0x217d1151fe0 of 132 bytes failed: Only part of a ReadProcessMemory or WriteProcessMemory request was completed. (0x12B)
[0424/110347.980:ERROR:process_memory_win.cc(73)] ReadMemory at 0x217d1154070 of 54 bytes failed: Only part of a ReadProcessMemory or WriteProcessMemory request was completed. (0x12B)
[0424/110347.980:ERROR:process_memory_win.cc(73)] ReadMemory at 0x217d1154e50 of 132 bytes failed: Only part of a ReadProcessMemory or WriteProcessMemory request was completed. (0x12B)
[0424/110347.980:ERROR:process_memory_win.cc(73)] ReadMemory at 0x217d1154fd0 of 76 bytes failed: Only part of a ReadProcessMemory or WriteProcessMemory request was completed. (0x12B)
[0424/110347.980:ERROR:process_memory_win.cc(73)] ReadMemory at 0x217d1155a50 of 78 bytes failed: Only part of a ReadProcessMemory or WriteProcessMemory request was completed. (0x12B)
[0424/110347.980:ERROR:process_memory_win.cc(73)] ReadMemory at 0x217d1155c30 of 80 bytes failed: Only part of a ReadProcessMemory or WriteProcessMemory request was completed. (0x12B)
[0424/110347.980:ERROR:process_memory_win.cc(73)] ReadMemory at 0x217d1155fe0 of 64 bytes failed: Only part of a ReadProcessMemory or WriteProcessMemory request was completed. (0x12B)
[0424/110347.980:ERROR:process_memory_win.cc(73)] ReadMemory at 0x217d1156030 of 64 bytes failed: Only part of a ReadProcessMemory or WriteProcessMemory request was completed. (0x12B)
[0424/110347.980:ERROR:process_memory_win.cc(73)] ReadMemory at 0x217d1156120 of 62 bytes failed: Only part of a ReadProcessMemory or WriteProcessMemory request was completed. (0x12B)
[0424/110347.980:ERROR:process_memory_win.cc(73)] ReadMemory at 0x217d11563f0 of 62 bytes failed: Only part of a ReadProcessMemory or WriteProcessMemory request was completed. (0x12B)
[0424/110347.980:ERROR:process_memory_win.cc(73)] ReadMemory at 0x217d1156440 of 62 bytes failed: Only part of a ReadProcessMemory or WriteProcessMemory request was completed. (0x12B)
[0424/110347.981:ERROR:process_memory_win.cc(73)] ReadMemory at 0x217d1156490 of 62 bytes failed: Only part of a ReadProcessMemory or WriteProcessMemory request was completed. (0x12B)
[0424/110347.981:ERROR:process_memory_win.cc(73)] ReadMemory at 0x217d11564e0 of 60 bytes failed: Only part of a ReadProcessMemory or WriteProcessMemory request was completed. (0x12B)
[0424/110347.981:ERROR:process_memory_win.cc(73)] ReadMemory at 0x217d1156670 of 58 bytes failed: Only part of a ReadProcessMemory or WriteProcessMemory request was completed. (0x12B)
[0424/110347.981:ERROR:process_memory_win.cc(73)] ReadMemory at 0x217d11566c0 of 62 bytes failed: Only part of a ReadProcessMemory or WriteProcessMemory request was completed. (0x12B)
[0424/110347.981:ERROR:process_memory_win.cc(73)] ReadMemory at 0x217d1156710 of 62 bytes failed: Only part of a ReadProcessMemory or WriteProcessMemory request was completed. (0x12B)
[0424/110347.981:ERROR:process_memory_win.cc(73)] ReadMemory at 0x217d11567b0 of 62 bytes failed: Only part of a ReadProcessMemory or WriteProcessMemory request was completed. (0x12B)
[0424/110347.981:ERROR:process_memory_win.cc(73)] ReadMemory at 0x217d1156800 of 62 bytes failed: Only part of a ReadProcessMemory or WriteProcessMemory request was completed. (0x12B)
[0424/110347.981:ERROR:process_memory_win.cc(73)] ReadMemory at 0x217d1156850 of 60 bytes failed: Only part of a ReadProcessMemory or WriteProcessMemory request was completed. (0x12B)
[0424/110347.981:ERROR:process_memory_win.cc(73)] ReadMemory at 0x217d11568a0 of 66 bytes failed: Only part of a ReadProcessMemory or WriteProcessMemory request was completed. (0x12B)
[0424/110347.982:ERROR:process_memory_win.cc(73)] ReadMemory at 0x217d1156940 of 60 bytes failed: Only part of a ReadProcessMemory or WriteProcessMemory request was completed. (0x12B)
[0424/110347.982:ERROR:process_memory_win.cc(73)] ReadMemory at 0x217d1156ad0 of 60 bytes failed: Only part of a ReadProcessMemory or WriteProcessMemory request was completed. (0x12B)
[0424/110347.982:ERROR:process_memory_win.cc(73)] ReadMemory at 0x217d1156ee0 of 64 bytes failed: Only part of a ReadProcessMemory or WriteProcessMemory request was completed. (0x12B)
[0424/110347.982:ERROR:process_memory_win.cc(73)] ReadMemory at 0x217d1156f30 of 64 bytes failed: Only part of a ReadProcessMemory or WriteProcessMemory request was completed. (0x12B)
[0424/110347.982:ERROR:process_memory_win.cc(73)] ReadMemory at 0x217d11572a0 of 132 bytes failed: Only part of a ReadProcessMemory or WriteProcessMemory request was completed. (0x12B)
[0424/110347.982:ERROR:process_memory_win.cc(73)] ReadMemory at 0x217d11573d0 of 132 bytes failed: Only part of a ReadProcessMemory or WriteProcessMemory request was completed. (0x12B)
[0424/110347.982:ERROR:process_memory_win.cc(73)] ReadMemory at 0x217d1157500 of 132 bytes failed: Only part of a ReadProcessMemory or WriteProcessMemory request was completed. (0x12B)
[0424/110347.982:ERROR:process_memory_win.cc(73)] ReadMemory at 0x217d1157630 of 132 bytes failed: Only part of a ReadProcessMemory or WriteProcessMemory request was completed. (0x12B)
[0424/110347.982:ERROR:process_memory_win.cc(73)] ReadMemory at 0x217d1157890 of 132 bytes failed: Only part of a ReadProcessMemory or WriteProcessMemory request was completed. (0x12B)
[0424/110347.983:ERROR:process_memory_win.cc(73)] ReadMemory at 0x217d11579c0 of 132 bytes failed: Only part of a ReadProcessMemory or WriteProcessMemory request was completed. (0x12B)
[0424/110347.983:ERROR:process_memory_win.cc(73)] ReadMemory at 0x217d1157af0 of 132 bytes failed: Only part of a ReadProcessMemory or WriteProcessMemory request was completed. (0x12B)
[0424/110347.983:ERROR:process_memory_win.cc(73)] ReadMemory at 0x217d1157c20 of 132 bytes failed: Only part of a ReadProcessMemory or WriteProcessMemory request was completed. (0x12B)
[0424/110347.983:ERROR:process_memory_win.cc(73)] ReadMemory at 0x217d1157d50 of 132 bytes failed: Only part of a ReadProcessMemory or WriteProcessMemory request was completed. (0x12B)
[0424/110347.983:ERROR:process_memory_win.cc(73)] ReadMemory at 0x217d1157e80 of 132 bytes failed: Only part of a ReadProcessMemory or WriteProcessMemory request was completed. (0x12B)
[0424/110347.983:ERROR:process_memory_win.cc(73)] ReadMemory at 0x217d1157fb0 of 132 bytes failed: Only part of a ReadProcessMemory or WriteProcessMemory request was completed. (0x12B)
[0424/110347.983:ERROR:process_memory_win.cc(73)] ReadMemory at 0x217d11580e0 of 132 bytes failed: Only part of a ReadProcessMemory or WriteProcessMemory request was completed. (0x12B)
[0424/110347.983:ERROR:process_memory_win.cc(73)] ReadMemory at 0x217d1158210 of 132 bytes failed: Only part of a ReadProcessMemory or WriteProcessMemory request was completed. (0x12B)
[0424/110347.983:ERROR:process_memory_win.cc(73)] ReadMemory at 0x217d1158340 of 132 bytes failed: Only part of a ReadProcessMemory or WriteProcessMemory request was completed. (0x12B)
[0424/110347.984:ERROR:process_memory_win.cc(73)] ReadMemory at 0x217d1158800 of 132 bytes failed: Only part of a ReadProcessMemory or WriteProcessMemory request was completed. (0x12B)
[0424/110347.984:ERROR:process_memory_win.cc(73)] ReadMemory at 0x217d1158930 of 132 bytes failed: Only part of a ReadProcessMemory or WriteProcessMemory request was completed. (0x12B)
[0424/110347.984:ERROR:process_memory_win.cc(73)] ReadMemory at 0x217d1158a60 of 132 bytes failed: Only part of a ReadProcessMemory or WriteProcessMemory request was completed. (0x12B)
[0424/110347.984:ERROR:process_memory_win.cc(73)] ReadMemory at 0x217d1158b90 of 132 bytes failed: Only part of a ReadProcessMemory or WriteProcessMemory request was completed. (0x12B)
[0424/110347.984:ERROR:process_memory_win.cc(73)] ReadMemory at 0x217d1158cc0 of 132 bytes failed: Only part of a ReadProcessMemory or WriteProcessMemory request was completed. (0x12B)
[0424/110347.984:ERROR:process_memory_win.cc(73)] ReadMemory at 0x217d1158df0 of 132 bytes failed: Only part of a ReadProcessMemory or WriteProcessMemory request was completed. (0x12B)
[0424/110347.984:ERROR:process_memory_win.cc(73)] ReadMemory at 0x217d1158f20 of 132 bytes failed: Only part of a ReadProcessMemory or WriteProcessMemory request was completed. (0x12B)
[0424/110347.984:ERROR:process_memory_win.cc(73)] ReadMemory at 0x217d116b2d0 of 62 bytes failed: Only part of a ReadProcessMemory or WriteProcessMemory request was completed. (0x12B)
[0424/110347.984:ERROR:process_memory_win.cc(73)] ReadMemory at 0x217d116b4b0 of 62 bytes failed: Only part of a ReadProcessMemory or WriteProcessMemory request was completed. (0x12B)
[0424/110347.984:ERROR:process_memory_win.cc(73)] ReadMemory at 0x217d116b5a0 of 60 bytes failed: Only part of a ReadProcessMemory or WriteProcessMemory request was completed. (0x12B)
[0424/110347.985:ERROR:process_memory_win.cc(73)] ReadMemory at 0x217d116b960 of 64 bytes failed: Only part of a ReadProcessMemory or WriteProcessMemory request was completed. (0x12B)
[0424/110347.985:ERROR:process_memory_win.cc(73)] ReadMemory at 0x217d116bc80 of 66 bytes failed: Only part of a ReadProcessMemory or WriteProcessMemory request was completed. (0x12B)
[0424/110347.985:ERROR:process_memory_win.cc(73)] ReadMemory at 0x217d116be60 of 62 bytes failed: Only part of a ReadProcessMemory or WriteProcessMemory request was completed. (0x12B)
[0424/110347.985:ERROR:process_memory_win.cc(73)] ReadMemory at 0x217d116bff0 of 60 bytes failed: Only part of a ReadProcessMemory or WriteProcessMemory request was completed. (0x12B)
[0424/110347.985:ERROR:process_memory_win.cc(73)] ReadMemory at 0x217d116c040 of 58 bytes failed: Only part of a ReadProcessMemory or WriteProcessMemory request was completed. (0x12B)
[0424/110347.985:ERROR:process_memory_win.cc(73)] ReadMemory at 0x217d116c180 of 58 bytes failed: Only part of a ReadProcessMemory or WriteProcessMemory request was completed. (0x12B)
[0424/110347.985:ERROR:process_memory_win.cc(73)] ReadMemory at 0x217d116c1d0 of 58 bytes failed: Only part of a ReadProcessMemory or WriteProcessMemory request was completed. (0x12B)
[0424/110347.985:ERROR:process_memory_win.cc(73)] ReadMemory at 0x217d1171510 of 512 bytes failed: Only part of a ReadProcessMemory or WriteProcessMemory request was completed. (0x12B)
[0424/110347.985:ERROR:process_memory_win.cc(73)] ReadMemory at 0x217d11785c0 of 512 bytes failed: Only part of a ReadProcessMemory or WriteProcessMemory request was completed. (0x12B)
[0424/110347.986:ERROR:process_memory_win.cc(73)] ReadMemory at 0x217d13157f0 of 512 bytes failed: Only part of a ReadProcessMemory or WriteProcessMemory request was completed. (0x12B)
[0424/110347.986:ERROR:process_memory_win.cc(73)] ReadMemory at 0x217d1335df0 of 512 bytes failed: Only part of a ReadProcessMemory or WriteProcessMemory request was completed. (0x12B)
[0424/110347.986:ERROR:process_memory_win.cc(73)] ReadMemory at 0x217d1352000 of 712 bytes failed: Only part of a ReadProcessMemory or WriteProcessMemory request was completed. (0x12B)
[0424/110347.986:ERROR:process_memory_win.cc(73)] ReadMemory at 0x217d135bdd0 of 512 bytes failed: Only part of a ReadProcessMemory or WriteProcessMemory request was completed. (0x12B)
[0424/110347.986:ERROR:process_memory_win.cc(73)] ReadMemory at 0x217d13f5a70 of 512 bytes failed: Only part of a ReadProcessMemory or WriteProcessMemory request was completed. (0x12B)
[0424/110347.986:ERROR:process_memory_win.cc(73)] ReadMemory at 0x217d1b50248 of 512 bytes failed: Only part of a ReadProcessMemory or WriteProcessMemory request was completed. (0x12B)
[0424/110347.986:ERROR:process_memory_win.cc(73)] ReadMemory at 0x217d309a0c0 of 512 bytes failed: Only part of a ReadProcessMemory or WriteProcessMemory request was completed. (0x12B)
[0424/110347.986:ERROR:process_memory_win.cc(73)] ReadMemory at 0x3742e840bf98 of 512 bytes failed: Only part of a ReadProcessMemory or WriteProcessMemory request was completed. (0x12B)
[0424/110347.986:ERROR:process_memory_win.cc(73)] ReadMemory at 0x7fff5d618e5c of 512 bytes failed: Only part of a ReadProcessMemory or WriteProcessMemory request was completed. (0x12B)
[0424/110347.987:ERROR:process_memory_win.cc(73)] ReadMemory at 0x7fff612fb5f5 of 512 bytes failed: Only part of a ReadProcessMemory or WriteProcessMemory request was completed. (0x12B)
[0424/110347.987:ERROR:process_memory_win.cc(73)] ReadMemory at 0x7fff62588cd8 of 512 bytes failed: Only part of a ReadProcessMemory or WriteProcessMemory request was completed. (0x12B)
[0424/110347.989:ERROR:scoped_process_suspend.cc(40)] NtResumeProcess: An attempt was made to access an exiting process. (0xc000010a)
[0424/110652.569:ERROR:process_info.cc(359)] UncheckedAllocate
[0424/110652.570:ERROR:process_info.cc(359)] UncheckedAllocate
[0424/110652.570:ERROR:process_info.cc(359)] UncheckedAllocate
[0424/110652.572:ERROR:process_info.cc(359)] UncheckedAllocate
[0424/111831.493:ERROR:process_info.cc(359)] UncheckedAllocate
[0424/111831.495:ERROR:process_info.cc(359)] UncheckedAllocate
[0424/111904.979:ERROR:process_info.cc(359)] UncheckedAllocate
[0424/111944.965:ERROR:process_info.cc(359)] UncheckedAllocate
[0424/113700.890:ERROR:process_info.cc(359)] UncheckedAllocate
